<?xml version="1.0" encoding="UTF-8"?>
<!-- Generated by org.testng.reporters.JUnitReportReporter -->
<testsuite hostname="Amar" failures="0" tests="1" name="demo.Demo" time="1.147" errors="0" timestamp="2023-01-05T22:32:34 IST" skipped="0">
  <testcase classname="demo.Demo" name="DataRead" time="1.147"/>
  <system-out/>
</testsuite> <!-- demo.Demo -->
